0 info it worked if it ends with ok
1 verbose cli [ '/usr/bin/node', '/usr/bin/npm', 'start' ]
2 info using npm@3.10.10
3 info using node@v6.17.1
4 verbose run-script [ 'prestart', 'start', 'poststart' ]
5 info lifecycle potrfolio@0.1.0~prestart: potrfolio@0.1.0
6 silly lifecycle potrfolio@0.1.0~prestart: no script for prestart, continuing
7 info lifecycle potrfolio@0.1.0~start: potrfolio@0.1.0
8 verbose lifecycle potrfolio@0.1.0~start: unsafe-perm in lifecycle true
9 verbose lifecycle potrfolio@0.1.0~start: PATH: /usr/lib/node_modules/npm/bin/node-gyp-bin:/home/justinlwll/Desktop/Development/React-bootstrap-portfolio/node_modules/.bin:/home/justinlwll/anaconda3/bin:/home/justinlwll/anaconda3/condabin:/usr/local/bin:/usr/local/sbin:/usr/bin:/usr/sbin:/bin:/sbin:/home/justinlwll/.local/bin:/home/justinlwll/bin
10 verbose lifecycle potrfolio@0.1.0~start: CWD: /home/justinlwll/Desktop/Development/React-bootstrap-portfolio
11 silly lifecycle potrfolio@0.1.0~start: Args: [ '-c', 'react-scripts start' ]
12 silly lifecycle potrfolio@0.1.0~start: Returned: code: 1  signal: null
13 info lifecycle potrfolio@0.1.0~start: Failed to exec start script
14 verbose stack Error: potrfolio@0.1.0 start: `react-scripts start`
14 verbose stack Exit status 1
14 verbose stack     at EventEmitter.<anonymous> (/usr/lib/node_modules/npm/lib/utils/lifecycle.js:255:16)
14 verbose stack     at emitTwo (events.js:106:13)
14 verbose stack     at EventEmitter.emit (events.js:191:7)
14 verbose stack     at ChildProcess.<anonymous> (/usr/lib/node_modules/npm/lib/utils/spawn.js:40:14)
14 verbose stack     at emitTwo (events.js:106:13)
14 verbose stack     at ChildProcess.emit (events.js:191:7)
14 verbose stack     at maybeClose (internal/child_process.js:920:16)
14 verbose stack     at Process.ChildProcess._handle.onexit (internal/child_process.js:230:5)
15 verbose pkgid potrfolio@0.1.0
16 verbose cwd /home/justinlwll/Desktop/Development/React-bootstrap-portfolio
17 error Linux 3.10.0-1160.el7.x86_64
18 error argv "/usr/bin/node" "/usr/bin/npm" "start"
19 error node v6.17.1
20 error npm  v3.10.10
21 error code ELIFECYCLE
22 error potrfolio@0.1.0 start: `react-scripts start`
22 error Exit status 1
23 error Failed at the potrfolio@0.1.0 start script 'react-scripts start'.
23 error Make sure you have the latest version of node.js and npm installed.
23 error If you do, this is most likely a problem with the potrfolio package,
23 error not with npm itself.
23 error Tell the author that this fails on your system:
23 error     react-scripts start
23 error You can get information on how to open an issue for this project with:
23 error     npm bugs potrfolio
23 error Or if that isn't available, you can get their info via:
23 error     npm owner ls potrfolio
23 error There is likely additional logging output above.
24 verbose exit [ 1, true ]
